<?xml version="1.0" encoding="UTF-8"?>
<testsuites>
  <testsuite name="check_for_the_main_scenarios_for_client_manager" timestamp="2020-02-23T17:15:29" time="18.031" tests="8" failures="0" errors="1" skipped="0">
    <properties>
      <property name="specId" value="0"/>
      <property name="suiteName" value="check for the main scenarios for client manager"/>
      <property name="capabilities" value="chrome.80_0_3987_116.macosx"/>
      <property name="file" value="./test/specs/clientManagerTest.js"/>
    </properties>
    <testcase classname="chrome.80_0_3987_116.macosx.check_for_the_main_scenarios_for_client_manager" name="First_scenario_Login_to_client_manager" time="3.292"/>
    <testcase classname="chrome.80_0_3987_116.macosx.check_for_the_main_scenarios_for_client_manager" name="Second_scenario_Verify_Order_history" time="2.273"/>
    <testcase classname="chrome.80_0_3987_116.macosx.check_for_the_main_scenarios_for_client_manager" name="Third_scenario_Verify_Client_List" time="2.047"/>
    <testcase classname="chrome.80_0_3987_116.macosx.check_for_the_main_scenarios_for_client_manager" name="Fourth_scenario_Verify_Comission_history" time="2.109"/>
    <testcase classname="chrome.80_0_3987_116.macosx.check_for_the_main_scenarios_for_client_manager" name="Fifth_scenario_Verify_Client_Ledger" time="2.471"/>
    <testcase classname="chrome.80_0_3987_116.macosx.check_for_the_main_scenarios_for_client_manager" name="Check_for_a_match_row" time="2.133"/>
    <testcase classname="chrome.80_0_3987_116.macosx.check_for_the_main_scenarios_for_client_manager" name="FILTER_BY_ACCOUNT_ID" time="0.731">
      <error message="orderClienListLink is not defined"/>
      <system-err>
        <![CDATA[
ReferenceError: orderClienListLink is not defined
    at Context.<anonymous> (/Users/preciac/automation/wedriverio-mocha/test/specs/clientManagerTest.js:159:9)
]]>
      </system-err>
    </testcase>
    <testcase classname="chrome.80_0_3987_116.macosx.check_for_the_main_scenarios_for_client_manager" name="Verify_Position_summary" time="2.974"/>
  </testsuite>
</testsuites>